f:\leakpress\leakpress\debug\leakpress.pch
f:\leakpress\leakpress\debug\vc140.pdb
f:\leakpress\leakpress\debug\vc140.idb
f:\leakpress\leakpress\debug\stdafx.obj
f:\leakpress\leakpress\debug\fins.obj
f:\leakpress\leakpress\debug\tcpfinscommand.obj
f:\leakpress\leakpress\debug\tcptransport.obj
f:\leakpress\leakpress\debug\udpfinscommand.obj
f:\leakpress\leakpress\debug\udptransport.obj
f:\leakpress\leakpress\debug\logfile.obj
f:\leakpress\leakpress\debug\filemanager.obj
f:\leakpress\leakpress\debug\inifile.obj
f:\leakpress\leakpress\debug\util.obj
f:\leakpress\leakpress\debug\ateq.obj
f:\leakpress\leakpress\debug\dlgchannleshow.obj
f:\leakpress\leakpress\debug\leakpress.obj
f:\leakpress\leakpress\debug\leakpressdlg.obj
f:\leakpress\debug\leakpress.ilk
f:\leakpress\debug\leakpress.exe
f:\leakpress\debug\leakpress.pdb
f:\leakpress\leakpress\debug\leakpress.res
f:\leakpress\leakpress\debug\leakpress.tlog\cl.command.1.tlog
f:\leakpress\leakpress\debug\leakpress.tlog\cl.read.1.tlog
f:\leakpress\leakpress\debug\leakpress.tlog\cl.write.1.tlog
f:\leakpress\leakpress\debug\leakpress.tlog\link.command.1.tlog
f:\leakpress\leakpress\debug\leakpress.tlog\link.read.1.tlog
f:\leakpress\leakpress\debug\leakpress.tlog\link.write.1.tlog
f:\leakpress\leakpress\debug\leakpress.tlog\rc.command.1.tlog
f:\leakpress\leakpress\debug\leakpress.tlog\rc.read.1.tlog
f:\leakpress\leakpress\debug\leakpress.tlog\rc.write.1.tlog
